[    3144ms] [ERROR] Access to fetch at 'http://localhost:8081/health' from origin 'http://localhost:5175' has been blocked by CORS policy: No 'Access-Control-Allow-Origin' header is present on the requested resource. @ http://localhost:5175/:0
[    3145ms] [ERROR] Failed to load resource: net::ERR_FAILED @ http://localhost:8081/health:0
[    3145ms] [WARNING] Health API not available: TypeError: Failed to fetch
    at fetchHealth (http://localhost:5175/src/hooks/useHealth.ts:45:28)
    at Object.fetchFn [as fn] (http://localhost:5175/node_modules/.vite/deps/@tanstack_react-query.js?v=e6c5bb35:1123:14)
    at run (http://localhost:5175/node_modules/.vite/deps/@tanstack_react-query.js?v=e6c5bb35:822:49)
    at Object.start (http://localhost:5175/node_modules/.vite/deps/@tanstack_react-query.js?v=e6c5bb35:865:9)
    at _a5.fetch (http://localhost:5175/node_modules/.vite/deps/@tanstack_react-query.js?v=e6c5bb35:1170:55)
    at _a6.executeFetch_fn (http://localhost:5175/node_modules/.vite/deps/@tanstack_react-query.js?v=e6c5bb35:1678:51)
    at _a6.onSubscribe (http://localhost:5175/node_modules/.vite/deps/@tanstack_react-query.js?v=e6c5bb35:1369:74)
    at _a6.subscribe (http://localhost:5175/node_modules/.vite/deps/@tanstack_react-query.js?v=e6c5bb35:24:10)
    at http://localhost:5175/node_modules/.vite/deps/@tanstack_react-query.js?v=e6c5bb35:3388:56
    at subscribeToStore (http://localhost:5175/node_modules/.vite/deps/react-dom_client.js?v=b58d3ab6:6089:16) @ http://localhost:5175/src/hooks/useHealth.ts:53
[    3147ms] [ERROR] Failed to load resource: the server responded with a status of 500 (Internal Server Error) @ http://localhost:8092/quotes/SPY:0
[    3147ms] [ERROR] Failed to load resource: the server responded with a status of 500 (Internal Server Error) @ http://localhost:8092/quotes/QQQ:0
[    3148ms] [ERROR] Failed to load resource: the server responded with a status of 500 (Internal Server Error) @ http://localhost:8092/quotes/AAPL:0
[    3148ms] [ERROR] Failed to load resource: the server responded with a status of 500 (Internal Server Error) @ http://localhost:8092/quotes/NVDA:0
[    3148ms] [ERROR] Failed to load resource: the server responded with a status of 500 (Internal Server Error) @ http://localhost:8092/quotes/TSLA:0
[    3148ms] [ERROR] Failed to load resource: the server responded with a status of 500 (Internal Server Error) @ http://localhost:8092/quotes/AMD:0
[    3149ms] [ERROR] Failed to load resource: the server responded with a status of 500 (Internal Server Error) @ http://localhost:8092/quotes/META:0
[    3149ms] [ERROR] Failed to load resource: the server responded with a status of 500 (Internal Server Error) @ http://localhost:8092/quotes/AMZN:0
[    3149ms] [WARNING] IB Bridge not available, using mock watchlist data @ http://localhost:5175/src/hooks/useWatchlist.ts:37
[    3151ms] [ERROR] Failed to load resource: the server responded with a status of 500 (Internal Server Error) @ http://localhost:8092/positions:0
[    3152ms] [ERROR] Failed to load resource: the server responded with a status of 500 (Internal Server Error) @ http://localhost:8092/account:0
[    4171ms] [ERROR] Failed to load resource: the server responded with a status of 500 (Internal Server Error) @ http://localhost:8092/positions:0
[    4172ms] [ERROR] Failed to load resource: the server responded with a status of 500 (Internal Server Error) @ http://localhost:8092/account:0
[    6199ms] [ERROR] Failed to load resource: the server responded with a status of 500 (Internal Server Error) @ http://localhost:8092/account:0
[    9217ms] [ERROR] Failed to load resource: the server responded with a status of 500 (Internal Server Error) @ http://localhost:8092/positions:0
[   10241ms] [ERROR] Failed to load resource: the server responded with a status of 500 (Internal Server Error) @ http://localhost:8092/positions:0
[   11244ms] [ERROR] Failed to load resource: the server responded with a status of 500 (Internal Server Error) @ http://localhost:8092/account:0
[   12274ms] [ERROR] Failed to load resource: the server responded with a status of 500 (Internal Server Error) @ http://localhost:8092/account:0
[   13236ms] [ERROR] Failed to load resource: the server responded with a status of 500 (Internal Server Error) @ http://localhost:8092/quotes/SPY:0
[   13237ms] [ERROR] Failed to load resource: the server responded with a status of 500 (Internal Server Error) @ http://localhost:8092/quotes/NVDA:0
[   13248ms] [ERROR] Failed to load resource: the server responded with a status of 500 (Internal Server Error) @ http://localhost:8092/quotes/QQQ:0
[   13249ms] [ERROR] Failed to load resource: the server responded with a status of 500 (Internal Server Error) @ http://localhost:8092/quotes/AAPL:0
[   13249ms] [ERROR] Failed to load resource: the server responded with a status of 500 (Internal Server Error) @ http://localhost:8092/quotes/AMZN:0
[   13249ms] [ERROR] Failed to load resource: the server responded with a status of 500 (Internal Server Error) @ http://localhost:8092/quotes/TSLA:0
[   13250ms] [ERROR] Failed to load resource: the server responded with a status of 500 (Internal Server Error) @ http://localhost:8092/quotes/AMD:0
[   13250ms] [ERROR] Failed to load resource: the server responded with a status of 500 (Internal Server Error) @ http://localhost:8092/quotes/META:0
[   13250ms] [WARNING] IB Bridge not available, using mock watchlist data @ http://localhost:5175/src/hooks/useWatchlist.ts:37
[   14304ms] [ERROR] Failed to load resource: the server responded with a status of 500 (Internal Server Error) @ http://localhost:8092/account:0
[   15273ms] [ERROR] Failed to load resource: the server responded with a status of 500 (Internal Server Error) @ http://localhost:8092/positions:0
[   16295ms] [ERROR] Failed to load resource: the server responded with a status of 500 (Internal Server Error) @ http://localhost:8092/positions:0
[   19349ms] [ERROR] Failed to load resource: the server responded with a status of 500 (Internal Server Error) @ http://localhost:8092/account:0
[   20381ms] [ERROR] Failed to load resource: the server responded with a status of 500 (Internal Server Error) @ http://localhost:8092/account:0
[   21336ms] [ERROR] Failed to load resource: the server responded with a status of 500 (Internal Server Error) @ http://localhost:8092/positions:0
[   22360ms] [ERROR] Failed to load resource: the server responded with a status of 500 (Internal Server Error) @ http://localhost:8092/positions:0
[   22415ms] [ERROR] Failed to load resource: the server responded with a status of 500 (Internal Server Error) @ http://localhost:8092/account:0
[   23331ms] [ERROR] Failed to load resource: the server responded with a status of 500 (Internal Server Error) @ http://localhost:8092/quotes/SPY:0
[   23341ms] [ERROR] Failed to load resource: the server responded with a status of 500 (Internal Server Error) @ http://localhost:8092/quotes/QQQ:0
[   23341ms] [ERROR] Failed to load resource: the server responded with a status of 500 (Internal Server Error) @ http://localhost:8092/quotes/AAPL:0
[   23342ms] [ERROR] Failed to load resource: the server responded with a status of 500 (Internal Server Error) @ http://localhost:8092/quotes/TSLA:0
[   23342ms] [ERROR] Failed to load resource: the server responded with a status of 500 (Internal Server Error) @ http://localhost:8092/quotes/META:0
[   23342ms] [ERROR] Failed to load resource: the server responded with a status of 500 (Internal Server Error) @ http://localhost:8092/quotes/AMZN:0
[   23342ms] [ERROR] Failed to load resource: the server responded with a status of 500 (Internal Server Error) @ http://localhost:8092/quotes/NVDA:0
[   23343ms] [ERROR] Failed to load resource: the server responded with a status of 500 (Internal Server Error) @ http://localhost:8092/quotes/AMD:0
[   23343ms] [WARNING] IB Bridge not available, using mock watchlist data @ http://localhost:5175/src/hooks/useWatchlist.ts:37
[   27399ms] [ERROR] Failed to load resource: the server responded with a status of 500 (Internal Server Error) @ http://localhost:8092/positions:0
[   27439ms] [ERROR] Failed to load resource: the server responded with a status of 500 (Internal Server Error) @ http://localhost:8092/account:0
[   28421ms] [ERROR] Failed to load resource: the server responded with a status of 500 (Internal Server Error) @ http://localhost:8092/positions:0
[   28473ms] [ERROR] Failed to load resource: the server responded with a status of 500 (Internal Server Error) @ http://localhost:8092/account:0
[   28576ms] [ERROR] Failed to load resource: net::ERR_CONNECTION_REFUSED @ http://localhost:5175/:0
[   30487ms] [ERROR] Failed to load resource: the server responded with a status of 500 (Internal Server Error) @ http://localhost:8092/account:0
[   31952ms] [ERROR] Failed to load resource: net::ERR_CONNECTION_REFUSED @ http://localhost:5175/:0
[   33173ms] [ERROR] Access to fetch at 'http://localhost:8081/health' from origin 'http://localhost:5175' has been blocked by CORS policy: No 'Access-Control-Allow-Origin' header is present on the requested resource. @ http://localhost:5175/#/trading:0
[   33173ms] [ERROR] Failed to load resource: net::ERR_FAILED @ http://localhost:8081/health:0
[   33173ms] [WARNING] Health API not available: TypeError: Failed to fetch
    at fetchHealth (http://localhost:5175/src/hooks/useHealth.ts:45:28)
    at Object.fetchFn [as fn] (http://localhost:5175/node_modules/.vite/deps/@tanstack_react-query.js?v=e6c5bb35:1123:14)
    at run (http://localhost:5175/node_modules/.vite/deps/@tanstack_react-query.js?v=e6c5bb35:822:49)
    at Object.start (http://localhost:5175/node_modules/.vite/deps/@tanstack_react-query.js?v=e6c5bb35:865:9)
    at _a5.fetch (http://localhost:5175/node_modules/.vite/deps/@tanstack_react-query.js?v=e6c5bb35:1170:55)
    at _a6.executeFetch_fn (http://localhost:5175/node_modules/.vite/deps/@tanstack_react-query.js?v=e6c5bb35:1678:51)
    at http://localhost:5175/node_modules/.vite/deps/@tanstack_react-query.js?v=e6c5bb35:1712:72 @ http://localhost:5175/src/hooks/useHealth.ts:53
[   33424ms] [ERROR] Failed to load resource: the server responded with a status of 500 (Internal Server Error) @ http://localhost:8092/quotes/SPY:0
[   33424ms] [ERROR] Failed to load resource: the server responded with a status of 500 (Internal Server Error) @ http://localhost:8092/quotes/QQQ:0
[   33425ms] [ERROR] Failed to load resource: the server responded with a status of 500 (Internal Server Error) @ http://localhost:8092/quotes/TSLA:0
[   33425ms] [ERROR] Failed to load resource: the server responded with a status of 500 (Internal Server Error) @ http://localhost:8092/quotes/AAPL:0
[   33425ms] [ERROR] Failed to load resource: the server responded with a status of 500 (Internal Server Error) @ http://localhost:8092/quotes/NVDA:0
[   33425ms] [ERROR] Failed to load resource: the server responded with a status of 500 (Internal Server Error) @ http://localhost:8092/quotes/AMD:0
[   33426ms] [ERROR] Failed to load resource: the server responded with a status of 500 (Internal Server Error) @ http://localhost:8092/quotes/AMZN:0
[   33436ms] [ERROR] Failed to load resource: the server responded with a status of 500 (Internal Server Error) @ http://localhost:8092/quotes/META:0
[   33437ms] [WARNING] IB Bridge not available, using mock watchlist data @ http://localhost:5175/src/hooks/useWatchlist.ts:37
[   33525ms] [ERROR] Failed to load resource: the server responded with a status of 500 (Internal Server Error) @ http://localhost:8092/positions:0
[   34538ms] [ERROR] Failed to load resource: the server responded with a status of 500 (Internal Server Error) @ http://localhost:8092/positions:0
[   35324ms] [ERROR] Failed to load resource: net::ERR_CONNECTION_REFUSED @ http://localhost:5175/:0
[   35533ms] [ERROR] Failed to load resource: the server responded with a status of 500 (Internal Server Error) @ http://localhost:8092/account:0
[   36583ms] [ERROR] Failed to load resource: the server responded with a status of 500 (Internal Server Error) @ http://localhost:8092/account:0
