[     596ms] [ERROR] Access to fetch at 'http://localhost:8081/health' from origin 'http://localhost:5175' has been blocked by CORS policy: No 'Access-Control-Allow-Origin' header is present on the requested resource. @ http://localhost:5175/:0
[     597ms] [ERROR] Failed to load resource: net::ERR_FAILED @ http://localhost:8081/health:0
[     597ms] [WARNING] Health API not available: TypeError: Failed to fetch
    at fetchHealth (http://localhost:5175/src/hooks/useHealth.ts:45:28)
    at Object.fetchFn [as fn] (http://localhost:5175/node_modules/.vite/deps/@tanstack_react-query.js?v=e0852edc:1123:14)
    at run (http://localhost:5175/node_modules/.vite/deps/@tanstack_react-query.js?v=e0852edc:822:49)
    at Object.start (http://localhost:5175/node_modules/.vite/deps/@tanstack_react-query.js?v=e0852edc:865:9)
    at _a5.fetch (http://localhost:5175/node_modules/.vite/deps/@tanstack_react-query.js?v=e0852edc:1170:55)
    at _a6.executeFetch_fn (http://localhost:5175/node_modules/.vite/deps/@tanstack_react-query.js?v=e0852edc:1678:51)
    at _a6.onSubscribe (http://localhost:5175/node_modules/.vite/deps/@tanstack_react-query.js?v=e0852edc:1369:74)
    at _a6.subscribe (http://localhost:5175/node_modules/.vite/deps/@tanstack_react-query.js?v=e0852edc:24:10)
    at http://localhost:5175/node_modules/.vite/deps/@tanstack_react-query.js?v=e0852edc:3388:56
    at subscribeToStore (http://localhost:5175/node_modules/.vite/deps/react-dom_client.js?v=e0852edc:6089:16) @ http://localhost:5175/src/hooks/useHealth.ts:53
[     598ms] [ERROR] Failed to load resource: the server responded with a status of 500 (Internal Server Error) @ http://localhost:8092/quotes/SPY:0
[     599ms] [ERROR] Failed to load resource: the server responded with a status of 500 (Internal Server Error) @ http://localhost:8092/quotes/QQQ:0
[     599ms] [ERROR] Failed to load resource: the server responded with a status of 500 (Internal Server Error) @ http://localhost:8092/quotes/AAPL:0
[     600ms] [ERROR] Failed to load resource: the server responded with a status of 500 (Internal Server Error) @ http://localhost:8092/quotes/TSLA:0
[     601ms] [ERROR] Failed to load resource: the server responded with a status of 500 (Internal Server Error) @ http://localhost:8092/quotes/NVDA:0
[     601ms] [ERROR] Failed to load resource: the server responded with a status of 500 (Internal Server Error) @ http://localhost:8092/quotes/AMD:0
[     602ms] [ERROR] Failed to load resource: the server responded with a status of 500 (Internal Server Error) @ http://localhost:8092/quotes/META:0
[     602ms] [ERROR] Failed to load resource: the server responded with a status of 500 (Internal Server Error) @ http://localhost:8092/quotes/AMZN:0
[     602ms] [WARNING] IB Bridge not available, using mock watchlist data @ http://localhost:5175/src/hooks/useWatchlist.ts:37
[     603ms] [ERROR] Failed to load resource: the server responded with a status of 500 (Internal Server Error) @ http://localhost:8092/positions:0
[     604ms] [ERROR] Failed to load resource: the server responded with a status of 500 (Internal Server Error) @ http://localhost:8092/account:0
[    1652ms] [ERROR] Failed to load resource: the server responded with a status of 500 (Internal Server Error) @ http://localhost:8092/account:0
[    1653ms] [ERROR] Failed to load resource: the server responded with a status of 500 (Internal Server Error) @ http://localhost:8092/positions:0
[    3699ms] [ERROR] Failed to load resource: the server responded with a status of 500 (Internal Server Error) @ http://localhost:8092/account:0
[    6700ms] [ERROR] Failed to load resource: the server responded with a status of 500 (Internal Server Error) @ http://localhost:8092/positions:0
[    7731ms] [ERROR] Failed to load resource: the server responded with a status of 500 (Internal Server Error) @ http://localhost:8092/positions:0
[    8755ms] [ERROR] Failed to load resource: the server responded with a status of 500 (Internal Server Error) @ http://localhost:8092/account:0
[    9782ms] [ERROR] Failed to load resource: the server responded with a status of 500 (Internal Server Error) @ http://localhost:8092/account:0
[   10702ms] [ERROR] Failed to load resource: the server responded with a status of 500 (Internal Server Error) @ http://localhost:8092/quotes/SPY:0
[   10703ms] [ERROR] Failed to load resource: the server responded with a status of 500 (Internal Server Error) @ http://localhost:8092/quotes/QQQ:0
[   10704ms] [ERROR] Failed to load resource: the server responded with a status of 500 (Internal Server Error) @ http://localhost:8092/quotes/AAPL:0
[   10704ms] [ERROR] Failed to load resource: the server responded with a status of 500 (Internal Server Error) @ http://localhost:8092/quotes/TSLA:0
[   10705ms] [ERROR] Failed to load resource: the server responded with a status of 500 (Internal Server Error) @ http://localhost:8092/quotes/AMZN:0
[   10717ms] [ERROR] Failed to load resource: the server responded with a status of 500 (Internal Server Error) @ http://localhost:8092/quotes/NVDA:0
[   10718ms] [ERROR] Failed to load resource: the server responded with a status of 500 (Internal Server Error) @ http://localhost:8092/quotes/AMD:0
[   10719ms] [ERROR] Failed to load resource: the server responded with a status of 500 (Internal Server Error) @ http://localhost:8092/quotes/META:0
[   10719ms] [WARNING] IB Bridge not available, using mock watchlist data @ http://localhost:5175/src/hooks/useWatchlist.ts:37
[   11795ms] [ERROR] Failed to load resource: the server responded with a status of 500 (Internal Server Error) @ http://localhost:8092/account:0
[   12775ms] [ERROR] Failed to load resource: the server responded with a status of 500 (Internal Server Error) @ http://localhost:8092/positions:0
[   13796ms] [ERROR] Failed to load resource: the server responded with a status of 500 (Internal Server Error) @ http://localhost:8092/positions:0
[   16814ms] [ERROR] Failed to load resource: the server responded with a status of 500 (Internal Server Error) @ http://localhost:8092/account:0
[   17826ms] [ERROR] Failed to load resource: the server responded with a status of 500 (Internal Server Error) @ http://localhost:8092/account:0
[   18826ms] [ERROR] Failed to load resource: the server responded with a status of 500 (Internal Server Error) @ http://localhost:8092/positions:0
[   19851ms] [ERROR] Failed to load resource: the server responded with a status of 500 (Internal Server Error) @ http://localhost:8092/account:0
[   19861ms] [ERROR] Failed to load resource: the server responded with a status of 500 (Internal Server Error) @ http://localhost:8092/positions:0
[   20828ms] [ERROR] Failed to load resource: the server responded with a status of 500 (Internal Server Error) @ http://localhost:8092/quotes/SPY:0
[   20829ms] [ERROR] Failed to load resource: the server responded with a status of 500 (Internal Server Error) @ http://localhost:8092/quotes/QQQ:0
[   20829ms] [ERROR] Failed to load resource: the server responded with a status of 500 (Internal Server Error) @ http://localhost:8092/quotes/AAPL:0
[   20830ms] [ERROR] Failed to load resource: the server responded with a status of 500 (Internal Server Error) @ http://localhost:8092/quotes/TSLA:0
[   20830ms] [ERROR] Failed to load resource: the server responded with a status of 500 (Internal Server Error) @ http://localhost:8092/quotes/META:0
[   20831ms] [ERROR] Failed to load resource: the server responded with a status of 500 (Internal Server Error) @ http://localhost:8092/quotes/NVDA:0
[   20836ms] [ERROR] Failed to load resource: the server responded with a status of 500 (Internal Server Error) @ http://localhost:8092/quotes/AMZN:0
[   20837ms] [ERROR] Failed to load resource: the server responded with a status of 500 (Internal Server Error) @ http://localhost:8092/quotes/AMD:0
[   20837ms] [WARNING] IB Bridge not available, using mock watchlist data @ http://localhost:5175/src/hooks/useWatchlist.ts:37
[   24906ms] [ERROR] Failed to load resource: the server responded with a status of 500 (Internal Server Error) @ http://localhost:8092/account:0
[   24907ms] [ERROR] Failed to load resource: the server responded with a status of 500 (Internal Server Error) @ http://localhost:8092/positions:0
[   25922ms] [ERROR] Failed to load resource: the server responded with a status of 500 (Internal Server Error) @ http://localhost:8092/account:0
[   25923ms] [ERROR] Failed to load resource: the server responded with a status of 500 (Internal Server Error) @ http://localhost:8092/positions:0
[   27936ms] [ERROR] Failed to load resource: the server responded with a status of 500 (Internal Server Error) @ http://localhost:8092/account:0
[   30633ms] [ERROR] Access to fetch at 'http://localhost:8081/health' from origin 'http://localhost:5175' has been blocked by CORS policy: No 'Access-Control-Allow-Origin' header is present on the requested resource. @ http://localhost:5175/trading:0
[   30633ms] [ERROR] Failed to load resource: net::ERR_FAILED @ http://localhost:8081/health:0
[   30633ms] [WARNING] Health API not available: TypeError: Failed to fetch
    at fetchHealth (http://localhost:5175/src/hooks/useHealth.ts:45:28)
    at Object.fetchFn [as fn] (http://localhost:5175/node_modules/.vite/deps/@tanstack_react-query.js?v=e0852edc:1123:14)
    at run (http://localhost:5175/node_modules/.vite/deps/@tanstack_react-query.js?v=e0852edc:822:49)
    at Object.start (http://localhost:5175/node_modules/.vite/deps/@tanstack_react-query.js?v=e0852edc:865:9)
    at _a5.fetch (http://localhost:5175/node_modules/.vite/deps/@tanstack_react-query.js?v=e0852edc:1170:55)
    at _a6.executeFetch_fn (http://localhost:5175/node_modules/.vite/deps/@tanstack_react-query.js?v=e0852edc:1678:51)
    at http://localhost:5175/node_modules/.vite/deps/@tanstack_react-query.js?v=e0852edc:1712:72 @ http://localhost:5175/src/hooks/useHealth.ts:53
[   30887ms] [ERROR] Failed to load resource: the server responded with a status of 500 (Internal Server Error) @ http://localhost:8092/quotes/SPY:0
[   30887ms] [ERROR] Failed to load resource: the server responded with a status of 500 (Internal Server Error) @ http://localhost:8092/quotes/QQQ:0
[   30888ms] [ERROR] Failed to load resource: the server responded with a status of 500 (Internal Server Error) @ http://localhost:8092/quotes/AAPL:0
[   30888ms] [ERROR] Failed to load resource: the server responded with a status of 500 (Internal Server Error) @ http://localhost:8092/quotes/TSLA:0
[   30888ms] [ERROR] Failed to load resource: the server responded with a status of 500 (Internal Server Error) @ http://localhost:8092/quotes/META:0
[   30889ms] [ERROR] Failed to load resource: the server responded with a status of 500 (Internal Server Error) @ http://localhost:8092/quotes/AMZN:0
[   30889ms] [ERROR] Failed to load resource: the server responded with a status of 500 (Internal Server Error) @ http://localhost:8092/quotes/NVDA:0
[   30889ms] [ERROR] Failed to load resource: the server responded with a status of 500 (Internal Server Error) @ http://localhost:8092/quotes/AMD:0
[   30890ms] [WARNING] IB Bridge not available, using mock watchlist data @ http://localhost:5175/src/hooks/useWatchlist.ts:37
[   30943ms] [ERROR] Failed to load resource: the server responded with a status of 500 (Internal Server Error) @ http://localhost:8092/positions:0
[   31957ms] [ERROR] Failed to load resource: the server responded with a status of 500 (Internal Server Error) @ http://localhost:8092/positions:0
[   32955ms] [ERROR] Failed to load resource: the server responded with a status of 500 (Internal Server Error) @ http://localhost:8092/account:0
[   33986ms] [ERROR] Failed to load resource: the server responded with a status of 500 (Internal Server Error) @ http://localhost:8092/account:0
[   36005ms] [ERROR] Failed to load resource: the server responded with a status of 500 (Internal Server Error) @ http://localhost:8092/account:0
[   36977ms] [ERROR] Failed to load resource: the server responded with a status of 500 (Internal Server Error) @ http://localhost:8092/positions:0
[   37991ms] [ERROR] Failed to load resource: the server responded with a status of 500 (Internal Server Error) @ http://localhost:8092/positions:0
[   40929ms] [ERROR] Failed to load resource: the server responded with a status of 500 (Internal Server Error) @ http://localhost:8092/quotes/SPY:0
[   40929ms] [ERROR] Failed to load resource: the server responded with a status of 500 (Internal Server Error) @ http://localhost:8092/quotes/QQQ:0
[   40930ms] [ERROR] Failed to load resource: the server responded with a status of 500 (Internal Server Error) @ http://localhost:8092/quotes/NVDA:0
[   40930ms] [ERROR] Failed to load resource: the server responded with a status of 500 (Internal Server Error) @ http://localhost:8092/quotes/AAPL:0
[   40930ms] [ERROR] Failed to load resource: the server responded with a status of 500 (Internal Server Error) @ http://localhost:8092/quotes/TSLA:0
[   40931ms] [ERROR] Failed to load resource: the server responded with a status of 500 (Internal Server Error) @ http://localhost:8092/quotes/AMZN:0
[   40931ms] [ERROR] Failed to load resource: the server responded with a status of 500 (Internal Server Error) @ http://localhost:8092/quotes/AMD:0
[   40932ms] [ERROR] Failed to load resource: the server responded with a status of 500 (Internal Server Error) @ http://localhost:8092/quotes/META:0
[   40932ms] [WARNING] IB Bridge not available, using mock watchlist data @ http://localhost:5175/src/hooks/useWatchlist.ts:37
[   41026ms] [ERROR] Failed to load resource: the server responded with a status of 500 (Internal Server Error) @ http://localhost:8092/account:0
[   42037ms] [ERROR] Failed to load resource: the server responded with a status of 500 (Internal Server Error) @ http://localhost:8092/account:0
[   43011ms] [ERROR] Failed to load resource: the server responded with a status of 500 (Internal Server Error) @ http://localhost:8092/positions:0
[   44022ms] [ERROR] Failed to load resource: the server responded with a status of 500 (Internal Server Error) @ http://localhost:8092/positions:0
[   44049ms] [ERROR] Failed to load resource: the server responded with a status of 500 (Internal Server Error) @ http://localhost:8092/account:0
[   49038ms] [ERROR] Failed to load resource: the server responded with a status of 500 (Internal Server Error) @ http://localhost:8092/positions:0
[   49069ms] [ERROR] Failed to load resource: the server responded with a status of 500 (Internal Server Error) @ http://localhost:8092/account:0
[   50053ms] [ERROR] Failed to load resource: the server responded with a status of 500 (Internal Server Error) @ http://localhost:8092/positions:0
[   50091ms] [ERROR] Failed to load resource: the server responded with a status of 500 (Internal Server Error) @ http://localhost:8092/account:0
[   51031ms] [ERROR] Failed to load resource: the server responded with a status of 500 (Internal Server Error) @ http://localhost:8092/quotes/SPY:0
[   51031ms] [ERROR] Failed to load resource: the server responded with a status of 500 (Internal Server Error) @ http://localhost:8092/quotes/QQQ:0
[   51032ms] [ERROR] Failed to load resource: the server responded with a status of 500 (Internal Server Error) @ http://localhost:8092/quotes/AAPL:0
[   51032ms] [ERROR] Failed to load resource: the server responded with a status of 500 (Internal Server Error) @ http://localhost:8092/quotes/TSLA:0
[   51033ms] [ERROR] Failed to load resource: the server responded with a status of 500 (Internal Server Error) @ http://localhost:8092/quotes/NVDA:0
[   51033ms] [ERROR] Failed to load resource: the server responded with a status of 500 (Internal Server Error) @ http://localhost:8092/quotes/AMZN:0
[   51038ms] [ERROR] Failed to load resource: the server responded with a status of 500 (Internal Server Error) @ http://localhost:8092/quotes/AMD:0
[   51039ms] [ERROR] Failed to load resource: the server responded with a status of 500 (Internal Server Error) @ http://localhost:8092/quotes/META:0
[   51039ms] [WARNING] IB Bridge not available, using mock watchlist data @ http://localhost:5175/src/hooks/useWatchlist.ts:37
[   52108ms] [ERROR] Failed to load resource: the server responded with a status of 500 (Internal Server Error) @ http://localhost:8092/account:0
[   55081ms] [ERROR] Failed to load resource: the server responded with a status of 500 (Internal Server Error) @ http://localhost:8092/positions:0
[   55516ms] [ERROR] Failed to load resource: net::ERR_CONNECTION_REFUSED @ http://localhost:5175/:0
[   56099ms] [ERROR] Failed to load resource: the server responded with a status of 500 (Internal Server Error) @ http://localhost:8092/positions:0
[   57130ms] [ERROR] Failed to load resource: the server responded with a status of 500 (Internal Server Error) @ http://localhost:8092/account:0
[   58148ms] [ERROR] Failed to load resource: the server responded with a status of 500 (Internal Server Error) @ http://localhost:8092/account:0
[   58900ms] [ERROR] Failed to load resource: net::ERR_CONNECTION_REFUSED @ http://localhost:5175/:0
[   60164ms] [ERROR] Failed to load resource: the server responded with a status of 500 (Internal Server Error) @ http://localhost:8092/account:0
[   60673ms] [ERROR] Access to fetch at 'http://localhost:8081/health' from origin 'http://localhost:5175' has been blocked by CORS policy: No 'Access-Control-Allow-Origin' header is present on the requested resource. @ http://localhost:5175/trading:0
[   60673ms] [ERROR] Failed to load resource: net::ERR_FAILED @ http://localhost:8081/health:0
[   60674ms] [WARNING] Health API not available: TypeError: Failed to fetch
    at fetchHealth (http://localhost:5175/src/hooks/useHealth.ts:45:28)
    at Object.fetchFn [as fn] (http://localhost:5175/node_modules/.vite/deps/@tanstack_react-query.js?v=e0852edc:1123:14)
    at run (http://localhost:5175/node_modules/.vite/deps/@tanstack_react-query.js?v=e0852edc:822:49)
    at Object.start (http://localhost:5175/node_modules/.vite/deps/@tanstack_react-query.js?v=e0852edc:865:9)
    at _a5.fetch (http://localhost:5175/node_modules/.vite/deps/@tanstack_react-query.js?v=e0852edc:1170:55)
    at _a6.executeFetch_fn (http://localhost:5175/node_modules/.vite/deps/@tanstack_react-query.js?v=e0852edc:1678:51)
    at http://localhost:5175/node_modules/.vite/deps/@tanstack_react-query.js?v=e0852edc:1712:72 @ http://localhost:5175/src/hooks/useHealth.ts:53
[   61137ms] [ERROR] Failed to load resource: the server responded with a status of 500 (Internal Server Error) @ http://localhost:8092/quotes/SPY:0
[   61137ms] [ERROR] Failed to load resource: the server responded with a status of 500 (Internal Server Error) @ http://localhost:8092/quotes/QQQ:0
[   61138ms] [ERROR] Failed to load resource: the server responded with a status of 500 (Internal Server Error) @ http://localhost:8092/quotes/AAPL:0
[   61138ms] [ERROR] Failed to load resource: the server responded with a status of 500 (Internal Server Error) @ http://localhost:8092/quotes/TSLA:0
[   61139ms] [ERROR] Failed to load resource: the server responded with a status of 500 (Internal Server Error) @ http://localhost:8092/quotes/NVDA:0
[   61143ms] [ERROR] Failed to load resource: the server responded with a status of 500 (Internal Server Error) @ http://localhost:8092/quotes/AMZN:0
[   61144ms] [ERROR] Failed to load resource: the server responded with a status of 500 (Internal Server Error) @ http://localhost:8092/quotes/META:0
[   61144ms] [ERROR] Failed to load resource: the server responded with a status of 500 (Internal Server Error) @ http://localhost:8092/quotes/AMD:0
[   61144ms] [WARNING] IB Bridge not available, using mock watchlist data @ http://localhost:5175/src/hooks/useWatchlist.ts:37
[   61197ms] [ERROR] Failed to load resource: the server responded with a status of 500 (Internal Server Error) @ http://localhost:8092/positions:0
[   62229ms] [ERROR] Failed to load resource: the server responded with a status of 500 (Internal Server Error) @ http://localhost:8092/positions:0
