[    6238ms] [WARNING] ⚠️ React Router Future Flag Warning: React Router will begin wrapping state updates in `React.startTransition` in v7. You can use the `v7_startTransition` future flag to opt-in early. For more information, see https://reactrouter.com/v6/upgrading/future#v7_starttransition. @ http://localhost:5173/node_modules/.vite/deps/react-router-dom.js?v=87db8c6c:4435
[    6242ms] [WARNING] ⚠️ React Router Future Flag Warning: Relative route resolution within Splat routes is changing in v7. You can use the `v7_relativeSplatPath` future flag to opt-in early. For more information, see https://reactrouter.com/v6/upgrading/future#v7_relativesplatpath. @ http://localhost:5173/node_modules/.vite/deps/react-router-dom.js?v=87db8c6c:4435
[    6250ms] Error: Cannot parse color: hsl(var(--muted-foreground))
    at colorStringToRgba (http://localhost:5173/node_modules/.vite/deps/lightweight-charts.js?v=87db8c6c:788:9)
    at colorStringToGrayscale (http://localhost:5173/node_modules/.vite/deps/lightweight-charts.js?v=87db8c6c:812:26)
    at AttributionLogoWidget._private__themeToUse (http://localhost:5173/node_modules/.vite/deps/lightweight-charts.js?v=87db8c6c:8460:12)
    at AttributionLogoWidget._private__render (http://localhost:5173/node_modules/.vite/deps/lightweight-charts.js?v=87db8c6c:8479:35)
    at new AttributionLogoWidget (http://localhost:5173/node_modules/.vite/deps/lightweight-charts.js?v=87db8c6c:8441:10)
    at _PaneWidget._internal_setState (http://localhost:5173/node_modules/.vite/deps/lightweight-charts.js?v=87db8c6c:9779:123)
    at ChartWidget._private__adjustSizeImpl (http://localhost:5173/node_modules/.vite/deps/lightweight-charts.js?v=87db8c6c:11041:18)
    at ChartWidget._private__syncGuiWithModel (http://localhost:5173/node_modules/.vite/deps/lightweight-charts.js?v=87db8c6c:11231:10)
    at new ChartWidget (http://localhost:5173/node_modules/.vite/deps/lightweight-charts.js?v=87db8c6c:10790:10)
    at new ChartApi (http://localhost:5173/node_modules/.vite/deps/lightweight-charts.js?v=87db8c6c:12445:34)
[    6251ms] [WARNING] %s

%s
 An error occurred in the <PriceChartPanel> component. Consider adding an error boundary to your tree to customize error handling behavior.
Visit https://react.dev/link/error-boundaries to learn more about error boundaries. @ http://localhost:5173/node_modules/.vite/deps/react-dom_client.js?v=87db8c6c:6965
[    6253ms] Error: Cannot parse color: hsl(var(--muted-foreground))
    at colorStringToRgba (http://localhost:5173/node_modules/.vite/deps/lightweight-charts.js?v=87db8c6c:788:9)
    at colorStringToGrayscale (http://localhost:5173/node_modules/.vite/deps/lightweight-charts.js?v=87db8c6c:812:26)
    at AttributionLogoWidget._private__themeToUse (http://localhost:5173/node_modules/.vite/deps/lightweight-charts.js?v=87db8c6c:8460:12)
    at AttributionLogoWidget._private__render (http://localhost:5173/node_modules/.vite/deps/lightweight-charts.js?v=87db8c6c:8479:35)
    at new AttributionLogoWidget (http://localhost:5173/node_modules/.vite/deps/lightweight-charts.js?v=87db8c6c:8441:10)
    at _PaneWidget._internal_setState (http://localhost:5173/node_modules/.vite/deps/lightweight-charts.js?v=87db8c6c:9779:123)
    at ChartWidget._private__adjustSizeImpl (http://localhost:5173/node_modules/.vite/deps/lightweight-charts.js?v=87db8c6c:11041:18)
    at ChartWidget._private__syncGuiWithModel (http://localhost:5173/node_modules/.vite/deps/lightweight-charts.js?v=87db8c6c:11231:10)
    at new ChartWidget (http://localhost:5173/node_modules/.vite/deps/lightweight-charts.js?v=87db8c6c:10790:10)
    at new ChartApi (http://localhost:5173/node_modules/.vite/deps/lightweight-charts.js?v=87db8c6c:12445:34)
[    6254ms] [WARNING] %s

%s
 An error occurred in the <PriceChartPanel> component. Consider adding an error boundary to your tree to customize error handling behavior.
Visit https://react.dev/link/error-boundaries to learn more about error boundaries. @ http://localhost:5173/node_modules/.vite/deps/react-dom_client.js?v=87db8c6c:6965
[    6257ms] Error: Cannot parse color: hsl(var(--muted-foreground))
    at colorStringToRgba (http://localhost:5173/node_modules/.vite/deps/lightweight-charts.js?v=87db8c6c:788:9)
    at colorStringToGrayscale (http://localhost:5173/node_modules/.vite/deps/lightweight-charts.js?v=87db8c6c:812:26)
    at AttributionLogoWidget._private__themeToUse (http://localhost:5173/node_modules/.vite/deps/lightweight-charts.js?v=87db8c6c:8460:12)
    at AttributionLogoWidget._private__render (http://localhost:5173/node_modules/.vite/deps/lightweight-charts.js?v=87db8c6c:8479:35)
    at new AttributionLogoWidget (http://localhost:5173/node_modules/.vite/deps/lightweight-charts.js?v=87db8c6c:8441:10)
    at _PaneWidget._internal_setState (http://localhost:5173/node_modules/.vite/deps/lightweight-charts.js?v=87db8c6c:9779:123)
    at ChartWidget._private__adjustSizeImpl (http://localhost:5173/node_modules/.vite/deps/lightweight-charts.js?v=87db8c6c:11041:18)
    at ChartWidget._private__syncGuiWithModel (http://localhost:5173/node_modules/.vite/deps/lightweight-charts.js?v=87db8c6c:11231:10)
    at ChartWidget._private__updateGui (http://localhost:5173/node_modules/.vite/deps/lightweight-charts.js?v=87db8c6c:11197:10)
    at ChartWidget._private__drawImpl (http://localhost:5173/node_modules/.vite/deps/lightweight-charts.js?v=87db8c6c:11113:12)
[    6259ms] Error: Cannot parse color: hsl(var(--muted-foreground))
    at colorStringToRgba (http://localhost:5173/node_modules/.vite/deps/lightweight-charts.js?v=87db8c6c:788:9)
    at colorStringToGrayscale (http://localhost:5173/node_modules/.vite/deps/lightweight-charts.js?v=87db8c6c:812:26)
    at AttributionLogoWidget._private__themeToUse (http://localhost:5173/node_modules/.vite/deps/lightweight-charts.js?v=87db8c6c:8460:12)
    at AttributionLogoWidget._private__render (http://localhost:5173/node_modules/.vite/deps/lightweight-charts.js?v=87db8c6c:8479:35)
    at new AttributionLogoWidget (http://localhost:5173/node_modules/.vite/deps/lightweight-charts.js?v=87db8c6c:8441:10)
    at _PaneWidget._internal_setState (http://localhost:5173/node_modules/.vite/deps/lightweight-charts.js?v=87db8c6c:9779:123)
    at ChartWidget._private__adjustSizeImpl (http://localhost:5173/node_modules/.vite/deps/lightweight-charts.js?v=87db8c6c:11041:18)
    at ChartWidget._private__syncGuiWithModel (http://localhost:5173/node_modules/.vite/deps/lightweight-charts.js?v=87db8c6c:11231:10)
    at ChartWidget._private__updateGui (http://localhost:5173/node_modules/.vite/deps/lightweight-charts.js?v=87db8c6c:11197:10)
    at ChartWidget._private__drawImpl (http://localhost:5173/node_modules/.vite/deps/lightweight-charts.js?v=87db8c6c:11113:12)
[    8551ms] [ERROR] Failed to load resource: net::ERR_CONNECTION_REFUSED @ http://localhost:8080/health:0
[    8553ms] [ERROR] Failed to load resource: net::ERR_CONNECTION_REFUSED @ http://localhost:8080/api/watchlist:0
[    8555ms] [ERROR] Failed to load resource: net::ERR_CONNECTION_REFUSED @ http://localhost:8080/api/positions:0
[    8556ms] [ERROR] Failed to load resource: net::ERR_CONNECTION_REFUSED @ http://localhost:8080/api/risk/metrics:0
[    8563ms] [ERROR] Failed to load resource: net::ERR_CONNECTION_REFUSED @ http://localhost:8080/api/orders:0
[    8579ms] [ERROR] Failed to load resource: net::ERR_CONNECTION_REFUSED @ http://localhost:8080/api/strategies:0
[   10887ms] [ERROR] Failed to load resource: net::ERR_CONNECTION_REFUSED @ http://localhost:8080/api/memory/banks:0
[   10888ms] [ERROR] Failed to load resource: net::ERR_CONNECTION_REFUSED @ http://localhost:8080/api/metrics/events:0
[   49523ms] [ERROR] Failed to load resource: net::ERR_CONNECTION_REFUSED @ http://localhost:8080/health:0
[   49524ms] [ERROR] Failed to load resource: net::ERR_CONNECTION_REFUSED @ http://localhost:8080/api/watchlist:0
[   49525ms] [ERROR] Failed to load resource: net::ERR_CONNECTION_REFUSED @ http://localhost:8080/api/positions:0
[   49526ms] [ERROR] Failed to load resource: net::ERR_CONNECTION_REFUSED @ http://localhost:8080/api/risk/metrics:0
[   49731ms] [ERROR] Failed to load resource: net::ERR_CONNECTION_REFUSED @ http://localhost:8080/api/orders:0
[   49732ms] [ERROR] Failed to load resource: net::ERR_CONNECTION_REFUSED @ http://localhost:8080/api/strategies:0
[   51880ms] [ERROR] Failed to load resource: net::ERR_CONNECTION_REFUSED @ http://localhost:8080/api/memory/banks:0
[   51881ms] [ERROR] Failed to load resource: net::ERR_CONNECTION_REFUSED @ http://localhost:8080/api/metrics/events:0
