[    1067ms] [ERROR] Failed to load resource: the server responded with a status of 500 (Internal Server Error) @ http://localhost:5175/src/app/App.tsx?t=1770220927795:0
[   59672ms] [ERROR] Failed to load resource: the server responded with a status of 500 (Internal Server Error) @ http://localhost:5175/src/app/App.tsx?t=1770221079886:0
[   91561ms] [ERROR] Failed to load resource: net::ERR_CONNECTION_REFUSED @ http://localhost:5175/:0
[   94925ms] [ERROR] Failed to load resource: net::ERR_CONNECTION_REFUSED @ http://localhost:5175/:0
[   98284ms] [ERROR] Failed to load resource: net::ERR_CONNECTION_REFUSED @ http://localhost:5175/:0
[  101642ms] [ERROR] Failed to load resource: net::ERR_CONNECTION_REFUSED @ http://localhost:5175/:0
[  104993ms] [ERROR] Failed to load resource: net::ERR_CONNECTION_REFUSED @ http://localhost:5175/:0
[  108345ms] [ERROR] Failed to load resource: net::ERR_CONNECTION_REFUSED @ http://localhost:5175/:0
[  111700ms] [ERROR] Failed to load resource: net::ERR_CONNECTION_REFUSED @ http://localhost:5175/:0
[  115061ms] [ERROR] Failed to load resource: net::ERR_CONNECTION_REFUSED @ http://localhost:5175/:0
[  118424ms] [ERROR] Failed to load resource: net::ERR_CONNECTION_REFUSED @ http://localhost:5175/:0
[  121795ms] [ERROR] Failed to load resource: net::ERR_CONNECTION_REFUSED @ http://localhost:5175/:0
[  125161ms] [ERROR] Failed to load resource: net::ERR_CONNECTION_REFUSED @ http://localhost:5175/:0
[  128513ms] [ERROR] Failed to load resource: net::ERR_CONNECTION_REFUSED @ http://localhost:5175/:0
[  131892ms] [ERROR] Failed to load resource: net::ERR_CONNECTION_REFUSED @ http://localhost:5175/:0
[  135242ms] [ERROR] Failed to load resource: net::ERR_CONNECTION_REFUSED @ http://localhost:5175/:0
[  138615ms] [ERROR] Failed to load resource: net::ERR_CONNECTION_REFUSED @ http://localhost:5175/:0
[  141992ms] [ERROR] Failed to load resource: net::ERR_CONNECTION_REFUSED @ http://localhost:5175/:0
[  145353ms] [ERROR] Failed to load resource: net::ERR_CONNECTION_REFUSED @ http://localhost:5175/:0
[  148722ms] [ERROR] Failed to load resource: net::ERR_CONNECTION_REFUSED @ http://localhost:5175/:0
[  152095ms] [ERROR] Failed to load resource: net::ERR_CONNECTION_REFUSED @ http://localhost:5175/:0
[  155463ms] [ERROR] Failed to load resource: net::ERR_CONNECTION_REFUSED @ http://localhost:5175/:0
[  158838ms] [ERROR] Failed to load resource: net::ERR_CONNECTION_REFUSED @ http://localhost:5175/:0
[  162212ms] [ERROR] Failed to load resource: net::ERR_CONNECTION_REFUSED @ http://localhost:5175/:0
[  165572ms] [ERROR] Failed to load resource: net::ERR_CONNECTION_REFUSED @ http://localhost:5175/:0
[  168925ms] [ERROR] Failed to load resource: net::ERR_CONNECTION_REFUSED @ http://localhost:5175/:0
[  172287ms] [ERROR] Failed to load resource: net::ERR_CONNECTION_REFUSED @ http://localhost:5175/:0
[  175624ms] [ERROR] Failed to load resource: net::ERR_CONNECTION_REFUSED @ http://localhost:5175/:0
[  178982ms] [ERROR] Failed to load resource: net::ERR_CONNECTION_REFUSED @ http://localhost:5175/:0
[  182338ms] [ERROR] Failed to load resource: net::ERR_CONNECTION_REFUSED @ http://localhost:5175/:0
[  185715ms] [ERROR] Failed to load resource: net::ERR_CONNECTION_REFUSED @ http://localhost:5175/:0
[  189089ms] [ERROR] Failed to load resource: net::ERR_CONNECTION_REFUSED @ http://localhost:5175/:0
[  192455ms] [ERROR] Failed to load resource: net::ERR_CONNECTION_REFUSED @ http://localhost:5175/:0
[  195821ms] [ERROR] Failed to load resource: net::ERR_CONNECTION_REFUSED @ http://localhost:5175/:0
[  199197ms] [ERROR] Failed to load resource: net::ERR_CONNECTION_REFUSED @ http://localhost:5175/:0
[  202572ms] [ERROR] Failed to load resource: net::ERR_CONNECTION_REFUSED @ http://localhost:5175/:0
[  205934ms] [ERROR] Failed to load resource: net::ERR_CONNECTION_REFUSED @ http://localhost:5175/:0
[  209297ms] [ERROR] Failed to load resource: net::ERR_CONNECTION_REFUSED @ http://localhost:5175/:0
[  212664ms] [ERROR] Failed to load resource: net::ERR_CONNECTION_REFUSED @ http://localhost:5175/:0
[  216039ms] [ERROR] Failed to load resource: net::ERR_CONNECTION_REFUSED @ http://localhost:5175/:0
[  219419ms] [ERROR] Failed to load resource: net::ERR_CONNECTION_REFUSED @ http://localhost:5175/:0
[  222783ms] [ERROR] Failed to load resource: net::ERR_CONNECTION_REFUSED @ http://localhost:5175/:0
[  226151ms] [ERROR] Failed to load resource: net::ERR_CONNECTION_REFUSED @ http://localhost:5175/:0
[  229508ms] [ERROR] Failed to load resource: net::ERR_CONNECTION_REFUSED @ http://localhost:5175/:0
[  232870ms] [ERROR] Failed to load resource: net::ERR_CONNECTION_REFUSED @ http://localhost:5175/:0
[  236220ms] [ERROR] Failed to load resource: net::ERR_CONNECTION_REFUSED @ http://localhost:5175/:0
[  239604ms] [ERROR] Failed to load resource: net::ERR_CONNECTION_REFUSED @ http://localhost:5175/:0
[  242942ms] [ERROR] Failed to load resource: net::ERR_CONNECTION_REFUSED @ http://localhost:5175/:0
[  246307ms] [ERROR] Failed to load resource: net::ERR_CONNECTION_REFUSED @ http://localhost:5175/:0
[  249675ms] [ERROR] Failed to load resource: net::ERR_CONNECTION_REFUSED @ http://localhost:5175/:0
[  253052ms] [ERROR] Failed to load resource: net::ERR_CONNECTION_REFUSED @ http://localhost:5175/:0
[  256420ms] [ERROR] Failed to load resource: net::ERR_CONNECTION_REFUSED @ http://localhost:5175/:0
[  259799ms] [ERROR] Failed to load resource: net::ERR_CONNECTION_REFUSED @ http://localhost:5175/:0
[  263176ms] [ERROR] Failed to load resource: net::ERR_CONNECTION_REFUSED @ http://localhost:5175/:0
[  266535ms] [ERROR] Failed to load resource: net::ERR_CONNECTION_REFUSED @ http://localhost:5175/:0
[  269907ms] [ERROR] Failed to load resource: net::ERR_CONNECTION_REFUSED @ http://localhost:5175/:0
[  273284ms] [ERROR] Failed to load resource: net::ERR_CONNECTION_REFUSED @ http://localhost:5175/:0
[  276655ms] [ERROR] Failed to load resource: net::ERR_CONNECTION_REFUSED @ http://localhost:5175/:0
[  281965ms] [ERROR] Failed to load resource: the server responded with a status of 500 (Internal Server Error) @ http://localhost:5175/src/app/App.tsx:0
[  316301ms] [WARNING] ⚠️ React Router Future Flag Warning: React Router will begin wrapping state updates in `React.startTransition` in v7. You can use the `v7_startTransition` future flag to opt-in early. For more information, see https://reactrouter.com/v6/upgrading/future#v7_starttransition. @ http://localhost:5175/node_modules/.vite/deps/react-router-dom.js?v=f2d08cb0:4435
[  316303ms] [WARNING] ⚠️ React Router Future Flag Warning: Relative route resolution within Splat routes is changing in v7. You can use the `v7_relativeSplatPath` future flag to opt-in early. For more information, see https://reactrouter.com/v6/upgrading/future#v7_relativesplatpath. @ http://localhost:5175/node_modules/.vite/deps/react-router-dom.js?v=f2d08cb0:4435
[  316321ms] Error: Cannot parse color: hsl(var(--muted-foreground))
    at colorStringToRgba (http://localhost:5175/node_modules/.vite/deps/lightweight-charts.js?v=52712e93:788:9)
    at colorStringToGrayscale (http://localhost:5175/node_modules/.vite/deps/lightweight-charts.js?v=52712e93:812:26)
    at AttributionLogoWidget._private__themeToUse (http://localhost:5175/node_modules/.vite/deps/lightweight-charts.js?v=52712e93:8460:12)
    at AttributionLogoWidget._private__render (http://localhost:5175/node_modules/.vite/deps/lightweight-charts.js?v=52712e93:8479:35)
    at new AttributionLogoWidget (http://localhost:5175/node_modules/.vite/deps/lightweight-charts.js?v=52712e93:8441:10)
    at _PaneWidget._internal_setState (http://localhost:5175/node_modules/.vite/deps/lightweight-charts.js?v=52712e93:9779:123)
    at ChartWidget._private__adjustSizeImpl (http://localhost:5175/node_modules/.vite/deps/lightweight-charts.js?v=52712e93:11041:18)
    at ChartWidget._private__syncGuiWithModel (http://localhost:5175/node_modules/.vite/deps/lightweight-charts.js?v=52712e93:11231:10)
    at new ChartWidget (http://localhost:5175/node_modules/.vite/deps/lightweight-charts.js?v=52712e93:10790:10)
    at new ChartApi (http://localhost:5175/node_modules/.vite/deps/lightweight-charts.js?v=52712e93:12445:34)
[  316322ms] [WARNING] %s

%s
 An error occurred in the <PriceChartPanel> component. Consider adding an error boundary to your tree to customize error handling behavior.
Visit https://react.dev/link/error-boundaries to learn more about error boundaries. @ http://localhost:5175/node_modules/.vite/deps/react-dom_client.js?v=53c6d18f:6965
[  316323ms] Error: Cannot parse color: hsl(var(--muted-foreground))
    at colorStringToRgba (http://localhost:5175/node_modules/.vite/deps/lightweight-charts.js?v=52712e93:788:9)
    at colorStringToGrayscale (http://localhost:5175/node_modules/.vite/deps/lightweight-charts.js?v=52712e93:812:26)
    at AttributionLogoWidget._private__themeToUse (http://localhost:5175/node_modules/.vite/deps/lightweight-charts.js?v=52712e93:8460:12)
    at AttributionLogoWidget._private__render (http://localhost:5175/node_modules/.vite/deps/lightweight-charts.js?v=52712e93:8479:35)
    at new AttributionLogoWidget (http://localhost:5175/node_modules/.vite/deps/lightweight-charts.js?v=52712e93:8441:10)
    at _PaneWidget._internal_setState (http://localhost:5175/node_modules/.vite/deps/lightweight-charts.js?v=52712e93:9779:123)
    at ChartWidget._private__adjustSizeImpl (http://localhost:5175/node_modules/.vite/deps/lightweight-charts.js?v=52712e93:11041:18)
    at ChartWidget._private__syncGuiWithModel (http://localhost:5175/node_modules/.vite/deps/lightweight-charts.js?v=52712e93:11231:10)
    at new ChartWidget (http://localhost:5175/node_modules/.vite/deps/lightweight-charts.js?v=52712e93:10790:10)
    at new ChartApi (http://localhost:5175/node_modules/.vite/deps/lightweight-charts.js?v=52712e93:12445:34)
[  316324ms] [WARNING] %s

%s
 An error occurred in the <PriceChartPanel> component. Consider adding an error boundary to your tree to customize error handling behavior.
Visit https://react.dev/link/error-boundaries to learn more about error boundaries. @ http://localhost:5175/node_modules/.vite/deps/react-dom_client.js?v=53c6d18f:6965
[  316328ms] Error: Cannot parse color: hsl(var(--muted-foreground))
    at colorStringToRgba (http://localhost:5175/node_modules/.vite/deps/lightweight-charts.js?v=52712e93:788:9)
    at colorStringToGrayscale (http://localhost:5175/node_modules/.vite/deps/lightweight-charts.js?v=52712e93:812:26)
    at AttributionLogoWidget._private__themeToUse (http://localhost:5175/node_modules/.vite/deps/lightweight-charts.js?v=52712e93:8460:12)
    at AttributionLogoWidget._private__render (http://localhost:5175/node_modules/.vite/deps/lightweight-charts.js?v=52712e93:8479:35)
    at new AttributionLogoWidget (http://localhost:5175/node_modules/.vite/deps/lightweight-charts.js?v=52712e93:8441:10)
    at _PaneWidget._internal_setState (http://localhost:5175/node_modules/.vite/deps/lightweight-charts.js?v=52712e93:9779:123)
    at ChartWidget._private__adjustSizeImpl (http://localhost:5175/node_modules/.vite/deps/lightweight-charts.js?v=52712e93:11041:18)
    at ChartWidget._private__syncGuiWithModel (http://localhost:5175/node_modules/.vite/deps/lightweight-charts.js?v=52712e93:11231:10)
    at ChartWidget._private__updateGui (http://localhost:5175/node_modules/.vite/deps/lightweight-charts.js?v=52712e93:11197:10)
    at ChartWidget._private__drawImpl (http://localhost:5175/node_modules/.vite/deps/lightweight-charts.js?v=52712e93:11113:12)
[  316329ms] Error: Cannot parse color: hsl(var(--muted-foreground))
    at colorStringToRgba (http://localhost:5175/node_modules/.vite/deps/lightweight-charts.js?v=52712e93:788:9)
    at colorStringToGrayscale (http://localhost:5175/node_modules/.vite/deps/lightweight-charts.js?v=52712e93:812:26)
    at AttributionLogoWidget._private__themeToUse (http://localhost:5175/node_modules/.vite/deps/lightweight-charts.js?v=52712e93:8460:12)
    at AttributionLogoWidget._private__render (http://localhost:5175/node_modules/.vite/deps/lightweight-charts.js?v=52712e93:8479:35)
    at new AttributionLogoWidget (http://localhost:5175/node_modules/.vite/deps/lightweight-charts.js?v=52712e93:8441:10)
    at _PaneWidget._internal_setState (http://localhost:5175/node_modules/.vite/deps/lightweight-charts.js?v=52712e93:9779:123)
    at ChartWidget._private__adjustSizeImpl (http://localhost:5175/node_modules/.vite/deps/lightweight-charts.js?v=52712e93:11041:18)
    at ChartWidget._private__syncGuiWithModel (http://localhost:5175/node_modules/.vite/deps/lightweight-charts.js?v=52712e93:11231:10)
    at ChartWidget._private__updateGui (http://localhost:5175/node_modules/.vite/deps/lightweight-charts.js?v=52712e93:11197:10)
    at ChartWidget._private__drawImpl (http://localhost:5175/node_modules/.vite/deps/lightweight-charts.js?v=52712e93:11113:12)
[  318601ms] [ERROR] Failed to load resource: net::ERR_CONNECTION_REFUSED @ http://localhost:8080/health:0
[  318603ms] [ERROR] Failed to load resource: net::ERR_CONNECTION_REFUSED @ http://localhost:8080/api/watchlist:0
[  318604ms] [ERROR] Failed to load resource: net::ERR_CONNECTION_REFUSED @ http://localhost:8080/api/positions:0
[  318605ms] [ERROR] Failed to load resource: net::ERR_CONNECTION_REFUSED @ http://localhost:8080/api/risk/metrics:0
[  318630ms] [ERROR] Failed to load resource: net::ERR_CONNECTION_REFUSED @ http://localhost:8080/api/orders:0
[  318631ms] [ERROR] Failed to load resource: net::ERR_CONNECTION_REFUSED @ http://localhost:8080/api/strategies:0
