[    2774ms] [ERROR] Access to fetch at 'http://localhost:8081/api/strategies' from origin 'http://localhost:5175' has been blocked by CORS policy: No 'Access-Control-Allow-Origin' header is present on the requested resource. @ http://localhost:5175/#/trading:0
[    2775ms] [ERROR] Failed to load resource: net::ERR_FAILED @ http://localhost:8081/api/strategies:0
[    2775ms] [ERROR] Failed to load resource: the server responded with a status of 500 (Internal Server Error) @ http://localhost:8092/quotes/SPY:0
[    2776ms] [ERROR] Failed to load resource: the server responded with a status of 500 (Internal Server Error) @ http://localhost:8092/quotes/QQQ:0
[    2776ms] [ERROR] Failed to load resource: the server responded with a status of 500 (Internal Server Error) @ http://localhost:8092/quotes/AAPL:0
[    2776ms] [ERROR] Failed to load resource: the server responded with a status of 500 (Internal Server Error) @ http://localhost:8092/quotes/TSLA:0
[    2776ms] [ERROR] Failed to load resource: the server responded with a status of 500 (Internal Server Error) @ http://localhost:8092/quotes/META:0
[    2777ms] [ERROR] Failed to load resource: the server responded with a status of 500 (Internal Server Error) @ http://localhost:8092/quotes/NVDA:0
[    2777ms] [ERROR] Failed to load resource: the server responded with a status of 500 (Internal Server Error) @ http://localhost:8092/quotes/AMZN:0
[    2777ms] [ERROR] Failed to load resource: the server responded with a status of 500 (Internal Server Error) @ http://localhost:8092/account:0
[    2778ms] [ERROR] Failed to load resource: the server responded with a status of 500 (Internal Server Error) @ http://localhost:8092/positions:0
[    2778ms] [ERROR] Failed to load resource: the server responded with a status of 500 (Internal Server Error) @ http://localhost:8092/quotes/AMD:0
[    2778ms] [WARNING] IB Bridge not available, using mock watchlist data @ http://localhost:5175/src/hooks/useWatchlist.ts:37
[    2780ms] [ERROR] Access to fetch at 'http://localhost:8081/api/orders' from origin 'http://localhost:5175' has been blocked by CORS policy: No 'Access-Control-Allow-Origin' header is present on the requested resource. @ http://localhost:5175/#/trading:0
[    2780ms] [ERROR] Failed to load resource: net::ERR_FAILED @ http://localhost:8081/api/orders:0
[    3803ms] [ERROR] Failed to load resource: the server responded with a status of 500 (Internal Server Error) @ http://localhost:8092/account:0
[    3804ms] [ERROR] Failed to load resource: the server responded with a status of 500 (Internal Server Error) @ http://localhost:8092/positions:0
[    5855ms] [ERROR] Failed to load resource: the server responded with a status of 500 (Internal Server Error) @ http://localhost:8092/account:0
[    7906ms] [ERROR] Access to fetch at 'http://localhost:8081/api/orders' from origin 'http://localhost:5175' has been blocked by CORS policy: No 'Access-Control-Allow-Origin' header is present on the requested resource. @ http://localhost:5175/#/trading:0
[    7906ms] [ERROR] Failed to load resource: net::ERR_FAILED @ http://localhost:8081/api/orders:0
[    8847ms] [ERROR] Failed to load resource: the server responded with a status of 500 (Internal Server Error) @ http://localhost:8092/positions:0
[    9863ms] [ERROR] Failed to load resource: the server responded with a status of 500 (Internal Server Error) @ http://localhost:8092/positions:0
[   10899ms] [ERROR] Failed to load resource: the server responded with a status of 500 (Internal Server Error) @ http://localhost:8092/account:0
[   11912ms] [ERROR] Failed to load resource: the server responded with a status of 500 (Internal Server Error) @ http://localhost:8092/account:0
[   12866ms] [ERROR] Failed to load resource: the server responded with a status of 500 (Internal Server Error) @ http://localhost:8092/quotes/SPY:0
[   12866ms] [ERROR] Failed to load resource: the server responded with a status of 500 (Internal Server Error) @ http://localhost:8092/quotes/QQQ:0
[   12866ms] [ERROR] Failed to load resource: the server responded with a status of 500 (Internal Server Error) @ http://localhost:8092/quotes/AAPL:0
[   12866ms] [ERROR] Failed to load resource: the server responded with a status of 500 (Internal Server Error) @ http://localhost:8092/quotes/TSLA:0
[   12867ms] [ERROR] Failed to load resource: the server responded with a status of 500 (Internal Server Error) @ http://localhost:8092/quotes/AMD:0
[   12877ms] [ERROR] Failed to load resource: the server responded with a status of 500 (Internal Server Error) @ http://localhost:8092/quotes/AMZN:0
[   12877ms] [ERROR] Failed to load resource: the server responded with a status of 500 (Internal Server Error) @ http://localhost:8092/quotes/NVDA:0
[   12878ms] [ERROR] Failed to load resource: the server responded with a status of 500 (Internal Server Error) @ http://localhost:8092/quotes/META:0
[   12878ms] [WARNING] IB Bridge not available, using mock watchlist data @ http://localhost:5175/src/hooks/useWatchlist.ts:37
[   12954ms] [ERROR] Access to fetch at 'http://localhost:8081/api/orders' from origin 'http://localhost:5175' has been blocked by CORS policy: No 'Access-Control-Allow-Origin' header is present on the requested resource. @ http://localhost:5175/#/:0
[   12954ms] [ERROR] Failed to load resource: net::ERR_FAILED @ http://localhost:8081/api/orders:0
[   13951ms] [ERROR] Failed to load resource: the server responded with a status of 500 (Internal Server Error) @ http://localhost:8092/account:0
[   14879ms] [ERROR] Failed to load resource: the server responded with a status of 500 (Internal Server Error) @ http://localhost:8092/positions:0
[   15893ms] [ERROR] Failed to load resource: the server responded with a status of 500 (Internal Server Error) @ http://localhost:8092/positions:0
[   17975ms] [ERROR] Access to fetch at 'http://localhost:8081/api/orders' from origin 'http://localhost:5175' has been blocked by CORS policy: No 'Access-Control-Allow-Origin' header is present on the requested resource. @ http://localhost:5175/#/:0
[   17975ms] [ERROR] Failed to load resource: net::ERR_FAILED @ http://localhost:8081/api/orders:0
[   18967ms] [ERROR] Failed to load resource: the server responded with a status of 500 (Internal Server Error) @ http://localhost:8092/account:0
[   19978ms] [ERROR] Failed to load resource: the server responded with a status of 500 (Internal Server Error) @ http://localhost:8092/account:0
[   20914ms] [ERROR] Failed to load resource: the server responded with a status of 500 (Internal Server Error) @ http://localhost:8092/positions:0
[   21926ms] [ERROR] Failed to load resource: the server responded with a status of 500 (Internal Server Error) @ http://localhost:8092/positions:0
[   21989ms] [ERROR] Failed to load resource: the server responded with a status of 500 (Internal Server Error) @ http://localhost:8092/account:0
[   22934ms] [ERROR] Failed to load resource: the server responded with a status of 500 (Internal Server Error) @ http://localhost:8092/quotes/SPY:0
[   22935ms] [ERROR] Failed to load resource: the server responded with a status of 500 (Internal Server Error) @ http://localhost:8092/quotes/QQQ:0
[   22935ms] [ERROR] Failed to load resource: the server responded with a status of 500 (Internal Server Error) @ http://localhost:8092/quotes/AMD:0
[   22935ms] [ERROR] Failed to load resource: the server responded with a status of 500 (Internal Server Error) @ http://localhost:8092/quotes/AAPL:0
[   22938ms] [ERROR] Failed to load resource: the server responded with a status of 500 (Internal Server Error) @ http://localhost:8092/quotes/AMZN:0
[   22939ms] [ERROR] Failed to load resource: the server responded with a status of 500 (Internal Server Error) @ http://localhost:8092/quotes/TSLA:0
[   22939ms] [ERROR] Failed to load resource: the server responded with a status of 500 (Internal Server Error) @ http://localhost:8092/quotes/NVDA:0
[   22939ms] [ERROR] Failed to load resource: the server responded with a status of 500 (Internal Server Error) @ http://localhost:8092/quotes/META:0
[   22939ms] [WARNING] IB Bridge not available, using mock watchlist data @ http://localhost:5175/src/hooks/useWatchlist.ts:37
[   22992ms] [ERROR] Access to fetch at 'http://localhost:8081/api/orders' from origin 'http://localhost:5175' has been blocked by CORS policy: No 'Access-Control-Allow-Origin' header is present on the requested resource. @ http://localhost:5175/#/:0
[   22993ms] [ERROR] Failed to load resource: net::ERR_FAILED @ http://localhost:8081/api/orders:0
[   26949ms] [ERROR] Failed to load resource: the server responded with a status of 500 (Internal Server Error) @ http://localhost:8092/positions:0
[   27001ms] [ERROR] Failed to load resource: the server responded with a status of 500 (Internal Server Error) @ http://localhost:8092/account:0
[   27968ms] [ERROR] Failed to load resource: the server responded with a status of 500 (Internal Server Error) @ http://localhost:8092/positions:0
[   28013ms] [ERROR] Access to fetch at 'http://localhost:8081/api/orders' from origin 'http://localhost:5175' has been blocked by CORS policy: No 'Access-Control-Allow-Origin' header is present on the requested resource. @ http://localhost:5175/#/:0
[   28013ms] [ERROR] Failed to load resource: net::ERR_FAILED @ http://localhost:8081/api/orders:0
[   28054ms] [ERROR] Failed to load resource: the server responded with a status of 500 (Internal Server Error) @ http://localhost:8092/account:0
[   30068ms] [ERROR] Failed to load resource: the server responded with a status of 500 (Internal Server Error) @ http://localhost:8092/account:0
