[     684ms] [ERROR] Error handled by React Router default ErrorBoundary: TypeError: Cannot read properties of undefined (reading 'toLocaleTimeString')
    at formatTime (http://localhost:5173/src/lib/utils.ts:25:12)
    at cell (http://localhost:5173/src/components/dashboard/MetricsPanel.tsx?t=1771512690456:90:112)
    at Object.react_stack_bottom_frame (http://localhost:5173/node_modules/.vite/deps/react-dom_client.js?v=e0852edc:18509:20)
    at renderWithHooks (http://localhost:5173/node_modules/.vite/deps/react-dom_client.js?v=e0852edc:5654:24)
    at updateFunctionComponent (http://localhost:5173/node_modules/.vite/deps/react-dom_client.js?v=e0852edc:7475:21)
    at beginWork (http://localhost:5173/node_modules/.vite/deps/react-dom_client.js?v=e0852edc:8525:20)
    at runWithFiberInDEV (http://localhost:5173/node_modules/.vite/deps/react-dom_client.js?v=e0852edc:997:72)
    at performUnitOfWork (http://localhost:5173/node_modules/.vite/deps/react-dom_client.js?v=e0852edc:12561:98)
    at workLoopSync (http://localhost:5173/node_modules/.vite/deps/react-dom_client.js?v=e0852edc:12424:43)
    at renderRootSync (http://localhost:5173/node_modules/.vite/deps/react-dom_client.js?v=e0852edc:12408:13) @ http://localhost:5173/node_modules/.vite/deps/react-router-dom.js?v=e0852edc:4072
[     685ms] [ERROR] Error handled by React Router default ErrorBoundary: TypeError: Cannot read properties of undefined (reading 'toLocaleTimeString')
    at formatTime (http://localhost:5173/src/lib/utils.ts:25:12)
    at cell (http://localhost:5173/src/components/dashboard/MetricsPanel.tsx?t=1771512690456:90:112)
    at Object.react_stack_bottom_frame (http://localhost:5173/node_modules/.vite/deps/react-dom_client.js?v=e0852edc:18509:20)
    at renderWithHooks (http://localhost:5173/node_modules/.vite/deps/react-dom_client.js?v=e0852edc:5654:24)
    at updateFunctionComponent (http://localhost:5173/node_modules/.vite/deps/react-dom_client.js?v=e0852edc:7475:21)
    at beginWork (http://localhost:5173/node_modules/.vite/deps/react-dom_client.js?v=e0852edc:8525:20)
    at runWithFiberInDEV (http://localhost:5173/node_modules/.vite/deps/react-dom_client.js?v=e0852edc:997:72)
    at performUnitOfWork (http://localhost:5173/node_modules/.vite/deps/react-dom_client.js?v=e0852edc:12561:98)
    at workLoopSync (http://localhost:5173/node_modules/.vite/deps/react-dom_client.js?v=e0852edc:12424:43)
    at renderRootSync (http://localhost:5173/node_modules/.vite/deps/react-dom_client.js?v=e0852edc:12408:13) @ http://localhost:5173/node_modules/.vite/deps/react-router-dom.js?v=e0852edc:4072
[     738ms] [ERROR] Error handled by React Router default ErrorBoundary: TypeError: Cannot read properties of undefined (reading 'toLocaleTimeString')
    at formatTime (http://localhost:5173/src/lib/utils.ts:25:12)
    at cell (http://localhost:5173/src/components/dashboard/MetricsPanel.tsx?t=1771512690456:90:112)
    at Object.react_stack_bottom_frame (http://localhost:5173/node_modules/.vite/deps/react-dom_client.js?v=e0852edc:18509:20)
    at renderWithHooks (http://localhost:5173/node_modules/.vite/deps/react-dom_client.js?v=e0852edc:5654:24)
    at updateFunctionComponent (http://localhost:5173/node_modules/.vite/deps/react-dom_client.js?v=e0852edc:7475:21)
    at beginWork (http://localhost:5173/node_modules/.vite/deps/react-dom_client.js?v=e0852edc:8525:20)
    at runWithFiberInDEV (http://localhost:5173/node_modules/.vite/deps/react-dom_client.js?v=e0852edc:997:72)
    at performUnitOfWork (http://localhost:5173/node_modules/.vite/deps/react-dom_client.js?v=e0852edc:12561:98)
    at workLoopSync (http://localhost:5173/node_modules/.vite/deps/react-dom_client.js?v=e0852edc:12424:43)
    at renderRootSync (http://localhost:5173/node_modules/.vite/deps/react-dom_client.js?v=e0852edc:12408:13) @ http://localhost:5173/node_modules/.vite/deps/react-router-dom.js?v=e0852edc:4072
[     740ms] [ERROR] Error handled by React Router default ErrorBoundary: TypeError: Cannot read properties of undefined (reading 'toLocaleTimeString')
    at formatTime (http://localhost:5173/src/lib/utils.ts:25:12)
    at cell (http://localhost:5173/src/components/dashboard/MetricsPanel.tsx?t=1771512690456:90:112)
    at Object.react_stack_bottom_frame (http://localhost:5173/node_modules/.vite/deps/react-dom_client.js?v=e0852edc:18509:20)
    at renderWithHooks (http://localhost:5173/node_modules/.vite/deps/react-dom_client.js?v=e0852edc:5654:24)
    at updateFunctionComponent (http://localhost:5173/node_modules/.vite/deps/react-dom_client.js?v=e0852edc:7475:21)
    at beginWork (http://localhost:5173/node_modules/.vite/deps/react-dom_client.js?v=e0852edc:8525:20)
    at runWithFiberInDEV (http://localhost:5173/node_modules/.vite/deps/react-dom_client.js?v=e0852edc:997:72)
    at performUnitOfWork (http://localhost:5173/node_modules/.vite/deps/react-dom_client.js?v=e0852edc:12561:98)
    at workLoopSync (http://localhost:5173/node_modules/.vite/deps/react-dom_client.js?v=e0852edc:12424:43)
    at renderRootSync (http://localhost:5173/node_modules/.vite/deps/react-dom_client.js?v=e0852edc:12408:13) @ http://localhost:5173/node_modules/.vite/deps/react-router-dom.js?v=e0852edc:4072
[     745ms] [ERROR] %o

%s

%s
 TypeError: Cannot read properties of undefined (reading 'toLocaleTimeString')
    at formatTime (http://localhost:5173/src/lib/utils.ts:25:12)
    at cell (http://localhost:5173/src/components/dashboard/MetricsPanel.tsx?t=1771512690456:90:112)
    at Object.react_stack_bottom_frame (http://localhost:5173/node_modules/.vite/deps/react-dom_client.js?v=e0852edc:18509:20)
    at renderWithHooks (http://localhost:5173/node_modules/.vite/deps/react-dom_client.js?v=e0852edc:5654:24)
    at updateFunctionComponent (http://localhost:5173/node_modules/.vite/deps/react-dom_client.js?v=e0852edc:7475:21)
    at beginWork (http://localhost:5173/node_modules/.vite/deps/react-dom_client.js?v=e0852edc:8525:20)
    at runWithFiberInDEV (http://localhost:5173/node_modules/.vite/deps/react-dom_client.js?v=e0852edc:997:72)
    at performUnitOfWork (http://localhost:5173/node_modules/.vite/deps/react-dom_client.js?v=e0852edc:12561:98)
    at workLoopSync (http://localhost:5173/node_modules/.vite/deps/react-dom_client.js?v=e0852edc:12424:43)
    at renderRootSync (http://localhost:5173/node_modules/.vite/deps/react-dom_client.js?v=e0852edc:12408:13) The above error occurred in the <cell> component. React will try to recreate this component tree from scratch using the error boundary you provided, RenderErrorBoundary. @ http://localhost:5173/node_modules/.vite/deps/react-dom_client.js?v=e0852edc:7000
[     746ms] [ERROR] React Router caught the following error during render TypeError: Cannot read properties of undefined (reading 'toLocaleTimeString')
    at formatTime (http://localhost:5173/src/lib/utils.ts:25:12)
    at cell (http://localhost:5173/src/components/dashboard/MetricsPanel.tsx?t=1771512690456:90:112)
    at Object.react_stack_bottom_frame (http://localhost:5173/node_modules/.vite/deps/react-dom_client.js?v=e0852edc:18509:20)
    at renderWithHooks (http://localhost:5173/node_modules/.vite/deps/react-dom_client.js?v=e0852edc:5654:24)
    at updateFunctionComponent (http://localhost:5173/node_modules/.vite/deps/react-dom_client.js?v=e0852edc:7475:21)
    at beginWork (http://localhost:5173/node_modules/.vite/deps/react-dom_client.js?v=e0852edc:8525:20)
    at runWithFiberInDEV (http://localhost:5173/node_modules/.vite/deps/react-dom_client.js?v=e0852edc:997:72)
    at performUnitOfWork (http://localhost:5173/node_modules/.vite/deps/react-dom_client.js?v=e0852edc:12561:98)
    at workLoopSync (http://localhost:5173/node_modules/.vite/deps/react-dom_client.js?v=e0852edc:12424:43)
    at renderRootSync (http://localhost:5173/node_modules/.vite/deps/react-dom_client.js?v=e0852edc:12408:13) {componentStack: 
    at cell (http://localhost:5173/src/components…/deps/@tanstack_react-query.js?v=e0852edc:3168:3)} @ http://localhost:5173/node_modules/.vite/deps/react-router-dom.js?v=e0852edc:4117
[    2851ms] [ERROR] Failed to load resource: net::ERR_CONNECTION_REFUSED @ http://localhost:8090/v1/memory/banks:0
